<?xml version="1.0" encoding="UTF-8"?>
<coverage generated="1734568607719" clover="3.2.0">
  <project timestamp="1734568607719" name="All files">
    <metrics statements="215" coveredstatements="162" conditionals="44" coveredconditionals="36" methods="10" coveredmethods="4" elements="269" coveredelements="202" complexity="0" loc="215" ncloc="215" packages="2" files="3" classes="3"/>
    <package name="src">
      <metrics statements="18" coveredstatements="0" conditionals="2" coveredconditionals="0" methods="2" coveredmethods="0"/>
      <file name="App.tsx" path="C:\Users\esbig\kyle-conway\src\App.tsx">
        <metrics statements="9" coveredstatements="0" conditionals="1" coveredconditionals="0" methods="1" coveredmethods="0"/>
        <line num="1" count="0" type="cond" truecount="0" falsecount="1"/>
        <line num="2" count="0" type="stmt"/>
        <line num="4" count="0" type="stmt"/>
        <line num="5" count="0" type="stmt"/>
        <line num="6" count="0" type="stmt"/>
        <line num="7" count="0" type="stmt"/>
        <line num="8" count="0" type="stmt"/>
        <line num="10" count="0" type="stmt"/>
        <line num="12" count="0" type="stmt"/>
      </file>
      <file name="main.tsx" path="C:\Users\esbig\kyle-conway\src\main.tsx">
        <metrics statements="9" coveredstatements="0" conditionals="1" coveredconditionals="0" methods="1" coveredmethods="0"/>
        <line num="1" count="0" type="cond" truecount="0" falsecount="1"/>
        <line num="2" count="0" type="stmt"/>
        <line num="3" count="0" type="stmt"/>
        <line num="4" count="0" type="stmt"/>
        <line num="6" count="0" type="stmt"/>
        <line num="7" count="0" type="stmt"/>
        <line num="8" count="0" type="stmt"/>
        <line num="9" count="0" type="stmt"/>
        <line num="10" count="0" type="stmt"/>
      </file>
    </package>
    <package name="src.ConwaysGameOfLife">
      <metrics statements="197" coveredstatements="162" conditionals="42" coveredconditionals="36" methods="8" coveredmethods="4"/>
      <file name="ConwaysGameOfLife.tsx" path="C:\Users\esbig\kyle-conway\src\ConwaysGameOfLife\ConwaysGameOfLife.tsx">
        <metrics statements="197" coveredstatements="162" conditionals="42" coveredconditionals="36" methods="8" coveredmethods="4"/>
        <line num="1" count="1" type="stmt"/>
        <line num="10" count="24" type="cond" truecount="1" falsecount="0"/>
        <line num="11" count="24" type="stmt"/>
        <line num="12" count="24" type="stmt"/>
        <line num="13" count="24" type="stmt"/>
        <line num="14" count="24" type="stmt"/>
        <line num="15" count="24" type="stmt"/>
        <line num="16" count="24" type="stmt"/>
        <line num="17" count="24" type="cond" truecount="1" falsecount="0"/>
        <line num="18" count="24" type="stmt"/>
        <line num="36" count="24" type="stmt"/>
        <line num="37" count="24" type="cond" truecount="1" falsecount="0"/>
        <line num="38" count="2700" type="stmt"/>
        <line num="39" count="2700" type="stmt"/>
        <line num="40" count="2700" type="stmt"/>
        <line num="41" count="2700" type="stmt"/>
        <line num="42" count="2700" type="stmt"/>
        <line num="43" count="2700" type="stmt"/>
        <line num="44" count="2700" type="stmt"/>
        <line num="45" count="2700" type="stmt"/>
        <line num="46" count="2700" type="stmt"/>
        <line num="48" count="2700" type="cond" truecount="1" falsecount="0"/>
        <line num="49" count="2610" type="cond" truecount="1" falsecount="0"/>
        <line num="50" count="16" type="stmt"/>
        <line num="51" count="16" type="stmt"/>
        <line num="52" count="2610" type="cond" truecount="2" falsecount="0"/>
        <line num="53" count="16" type="stmt"/>
        <line num="54" count="16" type="stmt"/>
        <line num="55" count="2610" type="cond" truecount="2" falsecount="0"/>
        <line num="56" count="16" type="stmt"/>
        <line num="57" count="16" type="stmt"/>
        <line num="58" count="2610" type="stmt"/>
        <line num="60" count="2700" type="cond" truecount="2" falsecount="0"/>
        <line num="61" count="16" type="stmt"/>
        <line num="62" count="16" type="stmt"/>
        <line num="63" count="2700" type="cond" truecount="2" falsecount="0"/>
        <line num="64" count="16" type="stmt"/>
        <line num="65" count="16" type="stmt"/>
        <line num="67" count="2700" type="cond" truecount="1" falsecount="0"/>
        <line num="68" count="2610" type="cond" truecount="1" falsecount="0"/>
        <line num="69" count="16" type="stmt"/>
        <line num="70" count="16" type="stmt"/>
        <line num="71" count="2610" type="cond" truecount="2" falsecount="0"/>
        <line num="72" count="16" type="stmt"/>
        <line num="73" count="16" type="stmt"/>
        <line num="74" count="2610" type="cond" truecount="2" falsecount="0"/>
        <line num="75" count="16" type="stmt"/>
        <line num="76" count="16" type="stmt"/>
        <line num="77" count="2610" type="stmt"/>
        <line num="78" count="2700" type="stmt"/>
        <line num="79" count="2700" type="stmt"/>
        <line num="80" count="24" type="stmt"/>
        <line num="81" count="24" type="stmt"/>
        <line num="83" count="24" type="stmt"/>
        <line num="84" count="24" type="cond" truecount="1" falsecount="0"/>
        <line num="86" count="3" type="stmt"/>
        <line num="87" count="3" type="cond" truecount="1" falsecount="0"/>
        <line num="88" count="90" type="cond" truecount="1" falsecount="0"/>
        <line num="90" count="2700" type="stmt"/>
        <line num="92" count="2700" type="cond" truecount="1" falsecount="0"/>
        <line num="95" count="16" type="cond" truecount="2" falsecount="0"/>
        <line num="96" count="4" type="stmt"/>
        <line num="97" count="4" type="stmt"/>
        <line num="98" count="2700" type="cond" truecount="1" falsecount="0"/>
        <line num="99" count="2684" type="cond" truecount="1" falsecount="0"/>
        <line num="100" count="7" type="stmt"/>
        <line num="101" count="7" type="stmt"/>
        <line num="102" count="2684" type="stmt"/>
        <line num="103" count="90" type="stmt"/>
        <line num="104" count="3" type="stmt"/>
        <line num="105" count="3" type="stmt"/>
        <line num="106" count="3" type="stmt"/>
        <line num="107" count="24" type="stmt"/>
        <line num="108" count="24" type="stmt"/>
        <line num="110" count="24" type="stmt"/>
        <line num="111" count="24" type="stmt"/>
        <line num="112" count="0" type="stmt"/>
        <line num="113" count="0" type="stmt"/>
        <line num="114" count="0" type="stmt"/>
        <line num="115" count="0" type="stmt"/>
        <line num="116" count="0" type="stmt"/>
        <line num="117" count="0" type="stmt"/>
        <line num="118" count="0" type="stmt"/>
        <line num="119" count="0" type="stmt"/>
        <line num="120" count="0" type="stmt"/>
        <line num="121" count="0" type="stmt"/>
        <line num="122" count="0" type="stmt"/>
        <line num="123" count="0" type="stmt"/>
        <line num="124" count="0" type="stmt"/>
        <line num="125" count="0" type="stmt"/>
        <line num="126" count="0" type="stmt"/>
        <line num="127" count="0" type="stmt"/>
        <line num="128" count="0" type="stmt"/>
        <line num="129" count="0" type="stmt"/>
        <line num="130" count="0" type="stmt"/>
        <line num="131" count="0" type="stmt"/>
        <line num="132" count="0" type="stmt"/>
        <line num="133" count="0" type="stmt"/>
        <line num="134" count="24" type="stmt"/>
        <line num="135" count="24" type="stmt"/>
        <line num="138" count="24" type="stmt"/>
        <line num="139" count="24" type="stmt"/>
        <line num="140" count="24" type="stmt"/>
        <line num="141" count="24" type="stmt"/>
        <line num="142" count="24" type="stmt"/>
        <line num="143" count="24" type="stmt"/>
        <line num="144" count="24" type="stmt"/>
        <line num="145" count="0" type="stmt"/>
        <line num="146" count="0" type="stmt"/>
        <line num="147" count="24" type="stmt"/>
        <line num="148" count="24" type="stmt"/>
        <line num="149" count="24" type="stmt"/>
        <line num="150" count="24" type="stmt"/>
        <line num="151" count="24" type="stmt"/>
        <line num="152" count="0" type="stmt"/>
        <line num="153" count="0" type="stmt"/>
        <line num="154" count="0" type="stmt"/>
        <line num="155" count="0" type="stmt"/>
        <line num="156" count="24" type="stmt"/>
        <line num="157" count="24" type="stmt"/>
        <line num="158" count="24" type="stmt"/>
        <line num="159" count="24" type="cond" truecount="0" falsecount="1"/>
        <line num="160" count="24" type="stmt"/>
        <line num="161" count="24" type="cond" truecount="0" falsecount="2"/>
        <line num="162" count="24" type="stmt"/>
        <line num="163" count="24" type="stmt"/>
        <line num="164" count="0" type="stmt"/>
        <line num="165" count="0" type="stmt"/>
        <line num="167" count="24" type="stmt"/>
        <line num="168" count="24" type="stmt"/>
        <line num="169" count="24" type="stmt"/>
        <line num="170" count="24" type="stmt"/>
        <line num="171" count="24" type="stmt"/>
        <line num="172" count="24" type="stmt"/>
        <line num="173" count="24" type="cond" truecount="1" falsecount="0"/>
        <line num="174" count="1" type="cond" truecount="0" falsecount="1"/>
        <line num="175" count="0" type="stmt"/>
        <line num="176" count="0" type="stmt"/>
        <line num="177" count="0" type="stmt"/>
        <line num="178" count="1" type="stmt"/>
        <line num="179" count="1" type="stmt"/>
        <line num="180" count="1" type="stmt"/>
        <line num="181" count="1" type="cond" truecount="1" falsecount="0"/>
        <line num="182" count="1" type="stmt"/>
        <line num="183" count="1" type="stmt"/>
        <line num="185" count="24" type="stmt"/>
        <line num="186" count="24" type="stmt"/>
        <line num="187" count="24" type="stmt"/>
        <line num="188" count="24" type="stmt"/>
        <line num="189" count="24" type="stmt"/>
        <line num="190" count="24" type="cond" truecount="0" falsecount="1"/>
        <line num="191" count="24" type="cond" truecount="1" falsecount="0"/>
        <line num="192" count="3" type="stmt"/>
        <line num="193" count="3" type="stmt"/>
        <line num="195" count="24" type="stmt"/>
        <line num="196" count="24" type="stmt"/>
        <line num="197" count="24" type="stmt"/>
        <line num="198" count="24" type="stmt"/>
        <line num="199" count="24" type="stmt"/>
        <line num="200" count="0" type="stmt"/>
        <line num="201" count="0" type="stmt"/>
        <line num="203" count="24" type="cond" truecount="0" falsecount="1"/>
        <line num="204" count="24" type="stmt"/>
        <line num="205" count="24" type="stmt"/>
        <line num="206" count="24" type="stmt"/>
        <line num="207" count="24" type="stmt"/>
        <line num="208" count="24" type="stmt"/>
        <line num="209" count="24" type="stmt"/>
        <line num="210" count="24" type="stmt"/>
        <line num="211" count="24" type="stmt"/>
        <line num="212" count="24" type="stmt"/>
        <line num="213" count="24" type="stmt"/>
        <line num="214" count="24" type="stmt"/>
        <line num="215" count="24" type="stmt"/>
        <line num="217" count="24" type="cond" truecount="1" falsecount="0"/>
        <line num="218" count="720" type="cond" truecount="1" falsecount="0"/>
        <line num="219" count="21600" type="stmt"/>
        <line num="220" count="21600" type="stmt"/>
        <line num="221" count="21600" type="stmt"/>
        <line num="222" count="21600" type="cond" truecount="1" falsecount="0"/>
        <line num="223" count="14" type="stmt"/>
        <line num="224" count="14" type="cond" truecount="1" falsecount="0"/>
        <line num="225" count="14" type="stmt"/>
        <line num="227" count="14" type="stmt"/>
        <line num="228" count="14" type="stmt"/>
        <line num="229" count="14" type="stmt"/>
        <line num="230" count="21600" type="stmt"/>
        <line num="231" count="21600" type="stmt"/>
        <line num="232" count="21600" type="stmt"/>
        <line num="233" count="21600" type="cond" truecount="2" falsecount="0"/>
        <line num="234" count="21600" type="stmt"/>
        <line num="235" count="21600" type="stmt"/>
        <line num="236" count="720" type="stmt"/>
        <line num="237" count="24" type="stmt"/>
        <line num="238" count="24" type="stmt"/>
        <line num="239" count="24" type="stmt"/>
        <line num="241" count="24" type="stmt"/>
      </file>
    </package>
  </project>
</coverage>
