{"C:\\Users\\esbig\\kyle-conway\\src\\App.tsx": {"path":"C:\\Users\\esbig\\kyle-conway\\src\\App.tsx","all":true,"statementMap":{"0":{"start":{"line":1,"column":0},"end":{"line":1,"column":18}},"1":{"start":{"line":2,"column":0},"end":{"line":2,"column":69}},"3":{"start":{"line":4,"column":0},"end":{"line":4,"column":16}},"4":{"start":{"line":5,"column":0},"end":{"line":5,"column":10}},"5":{"start":{"line":6,"column":0},"end":{"line":6,"column":6}},"6":{"start":{"line":7,"column":0},"end":{"line":7,"column":26}},"7":{"start":{"line":8,"column":0},"end":{"line":8,"column":7}},"9":{"start":{"line":10,"column":0},"end":{"line":10,"column":1}},"11":{"start":{"line":12,"column":0},"end":{"line":12,"column":18}}},"s":{"0":0,"1":0,"3":0,"4":0,"5":0,"6":0,"7":0,"9":0,"11":0},"branchMap":{"0":{"type":"branch","line":1,"loc":{"start":{"line":1,"column":185},"end":{"line":12,"column":18}},"locations":[{"start":{"line":1,"column":185},"end":{"line":12,"column":18}}]}},"b":{"0":[0]},"fnMap":{"0":{"name":"(empty-report)","decl":{"start":{"line":1,"column":185},"end":{"line":12,"column":18}},"loc":{"start":{"line":1,"column":185},"end":{"line":12,"column":18}},"line":1}},"f":{"0":0}}
,"C:\\Users\\esbig\\kyle-conway\\src\\main.tsx": {"path":"C:\\Users\\esbig\\kyle-conway\\src\\main.tsx","all":true,"statementMap":{"0":{"start":{"line":1,"column":0},"end":{"line":1,"column":34}},"1":{"start":{"line":2,"column":0},"end":{"line":2,"column":45}},"2":{"start":{"line":3,"column":0},"end":{"line":3,"column":20}},"3":{"start":{"line":4,"column":0},"end":{"line":4,"column":27}},"5":{"start":{"line":6,"column":0},"end":{"line":6,"column":52}},"6":{"start":{"line":7,"column":0},"end":{"line":7,"column":14}},"7":{"start":{"line":8,"column":0},"end":{"line":8,"column":11}},"8":{"start":{"line":9,"column":0},"end":{"line":9,"column":16}},"9":{"start":{"line":10,"column":0},"end":{"line":10,"column":1}}},"s":{"0":0,"1":0,"2":0,"3":0,"5":0,"6":0,"7":0,"8":0,"9":0},"branchMap":{"0":{"type":"branch","line":1,"loc":{"start":{"line":1,"column":229},"end":{"line":10,"column":1}},"locations":[{"start":{"line":1,"column":229},"end":{"line":10,"column":1}}]}},"b":{"0":[0]},"fnMap":{"0":{"name":"(empty-report)","decl":{"start":{"line":1,"column":229},"end":{"line":10,"column":1}},"loc":{"start":{"line":1,"column":229},"end":{"line":10,"column":1}},"line":1}},"f":{"0":0}}
,"C:\\Users\\esbig\\kyle-conway\\src\\ConwaysGameOfLife\\ConwaysGameOfLife.tsx": {"path":"C:\\Users\\esbig\\kyle-conway\\src\\ConwaysGameOfLife\\ConwaysGameOfLife.tsx","all":false,"statementMap":{"0":{"start":{"line":1,"column":0},"end":{"line":1,"column":46}},"9":{"start":{"line":10,"column":0},"end":{"line":10,"column":45}},"10":{"start":{"line":11,"column":0},"end":{"line":11,"column":70}},"11":{"start":{"line":12,"column":0},"end":{"line":12,"column":51}},"12":{"start":{"line":13,"column":0},"end":{"line":13,"column":54}},"13":{"start":{"line":14,"column":0},"end":{"line":14,"column":45}},"14":{"start":{"line":15,"column":0},"end":{"line":15,"column":23}},"15":{"start":{"line":16,"column":0},"end":{"line":16,"column":18}},"16":{"start":{"line":17,"column":0},"end":{"line":17,"column":52}},"17":{"start":{"line":18,"column":0},"end":{"line":18,"column":4}},"35":{"start":{"line":36,"column":0},"end":{"line":36,"column":36}},"36":{"start":{"line":37,"column":0},"end":{"line":37,"column":5}},"37":{"start":{"line":38,"column":0},"end":{"line":38,"column":26}},"38":{"start":{"line":39,"column":0},"end":{"line":39,"column":29}},"39":{"start":{"line":40,"column":0},"end":{"line":40,"column":24}},"40":{"start":{"line":41,"column":0},"end":{"line":41,"column":18}},"41":{"start":{"line":42,"column":0},"end":{"line":42,"column":28}},"42":{"start":{"line":43,"column":0},"end":{"line":43,"column":35}},"43":{"start":{"line":44,"column":0},"end":{"line":44,"column":33}},"44":{"start":{"line":45,"column":0},"end":{"line":45,"column":38}},"45":{"start":{"line":46,"column":0},"end":{"line":46,"column":39}},"47":{"start":{"line":48,"column":0},"end":{"line":48,"column":28}},"48":{"start":{"line":49,"column":0},"end":{"line":49,"column":42}},"49":{"start":{"line":50,"column":0},"end":{"line":50,"column":29}},"50":{"start":{"line":51,"column":0},"end":{"line":51,"column":9}},"51":{"start":{"line":52,"column":0},"end":{"line":52,"column":45}},"52":{"start":{"line":53,"column":0},"end":{"line":53,"column":29}},"53":{"start":{"line":54,"column":0},"end":{"line":54,"column":9}},"54":{"start":{"line":55,"column":0},"end":{"line":55,"column":56}},"55":{"start":{"line":56,"column":0},"end":{"line":56,"column":29}},"56":{"start":{"line":57,"column":0},"end":{"line":57,"column":9}},"57":{"start":{"line":58,"column":0},"end":{"line":58,"column":7}},"59":{"start":{"line":60,"column":0},"end":{"line":60,"column":50}},"60":{"start":{"line":61,"column":0},"end":{"line":61,"column":27}},"61":{"start":{"line":62,"column":0},"end":{"line":62,"column":7}},"62":{"start":{"line":63,"column":0},"end":{"line":63,"column":61}},"63":{"start":{"line":64,"column":0},"end":{"line":64,"column":27}},"64":{"start":{"line":65,"column":0},"end":{"line":65,"column":7}},"66":{"start":{"line":67,"column":0},"end":{"line":67,"column":20}},"67":{"start":{"line":68,"column":0},"end":{"line":68,"column":40}},"68":{"start":{"line":69,"column":0},"end":{"line":69,"column":29}},"69":{"start":{"line":70,"column":0},"end":{"line":70,"column":9}},"70":{"start":{"line":71,"column":0},"end":{"line":71,"column":43}},"71":{"start":{"line":72,"column":0},"end":{"line":72,"column":29}},"72":{"start":{"line":73,"column":0},"end":{"line":73,"column":9}},"73":{"start":{"line":74,"column":0},"end":{"line":74,"column":54}},"74":{"start":{"line":75,"column":0},"end":{"line":75,"column":29}},"75":{"start":{"line":76,"column":0},"end":{"line":76,"column":9}},"76":{"start":{"line":77,"column":0},"end":{"line":77,"column":7}},"77":{"start":{"line":78,"column":0},"end":{"line":78,"column":27}},"78":{"start":{"line":79,"column":0},"end":{"line":79,"column":6}},"79":{"start":{"line":80,"column":0},"end":{"line":80,"column":27}},"80":{"start":{"line":81,"column":0},"end":{"line":81,"column":4}},"82":{"start":{"line":83,"column":0},"end":{"line":83,"column":30}},"83":{"start":{"line":84,"column":0},"end":{"line":84,"column":29}},"85":{"start":{"line":86,"column":0},"end":{"line":86,"column":57}},"86":{"start":{"line":87,"column":0},"end":{"line":87,"column":51}},"87":{"start":{"line":88,"column":0},"end":{"line":88,"column":64}},"89":{"start":{"line":90,"column":0},"end":{"line":90,"column":78}},"91":{"start":{"line":92,"column":0},"end":{"line":92,"column":30}},"94":{"start":{"line":95,"column":0},"end":{"line":95,"column":49}},"95":{"start":{"line":96,"column":0},"end":{"line":96,"column":60}},"96":{"start":{"line":97,"column":0},"end":{"line":97,"column":13}},"97":{"start":{"line":98,"column":0},"end":{"line":98,"column":18}},"98":{"start":{"line":99,"column":0},"end":{"line":99,"column":34}},"99":{"start":{"line":100,"column":0},"end":{"line":100,"column":59}},"100":{"start":{"line":101,"column":0},"end":{"line":101,"column":13}},"101":{"start":{"line":102,"column":0},"end":{"line":102,"column":11}},"102":{"start":{"line":103,"column":0},"end":{"line":103,"column":11}},"103":{"start":{"line":104,"column":0},"end":{"line":104,"column":9}},"104":{"start":{"line":105,"column":0},"end":{"line":105,"column":22}},"105":{"start":{"line":106,"column":0},"end":{"line":106,"column":6}},"106":{"start":{"line":107,"column":0},"end":{"line":107,"column":19}},"107":{"start":{"line":108,"column":0},"end":{"line":108,"column":4}},"109":{"start":{"line":110,"column":0},"end":{"line":110,"column":38}},"110":{"start":{"line":111,"column":0},"end":{"line":111,"column":33}},"111":{"start":{"line":112,"column":0},"end":{"line":112,"column":25}},"112":{"start":{"line":113,"column":0},"end":{"line":113,"column":36}},"113":{"start":{"line":114,"column":0},"end":{"line":114,"column":27}},"114":{"start":{"line":115,"column":0},"end":{"line":115,"column":15}},"115":{"start":{"line":116,"column":0},"end":{"line":116,"column":14}},"116":{"start":{"line":117,"column":0},"end":{"line":117,"column":33}},"117":{"start":{"line":118,"column":0},"end":{"line":118,"column":29}},"118":{"start":{"line":119,"column":0},"end":{"line":119,"column":44}},"119":{"start":{"line":120,"column":0},"end":{"line":120,"column":31}},"120":{"start":{"line":121,"column":0},"end":{"line":121,"column":46}},"121":{"start":{"line":122,"column":0},"end":{"line":122,"column":38}},"122":{"start":{"line":123,"column":0},"end":{"line":123,"column":33}},"123":{"start":{"line":124,"column":0},"end":{"line":124,"column":21}},"124":{"start":{"line":125,"column":0},"end":{"line":125,"column":13}},"125":{"start":{"line":126,"column":0},"end":{"line":126,"column":27}},"126":{"start":{"line":127,"column":0},"end":{"line":127,"column":11}},"127":{"start":{"line":128,"column":0},"end":{"line":128,"column":39}},"128":{"start":{"line":129,"column":0},"end":{"line":129,"column":33}},"129":{"start":{"line":130,"column":0},"end":{"line":130,"column":16}},"130":{"start":{"line":131,"column":0},"end":{"line":131,"column":34}},"131":{"start":{"line":132,"column":0},"end":{"line":132,"column":7}},"132":{"start":{"line":133,"column":0},"end":{"line":133,"column":6}},"133":{"start":{"line":134,"column":0},"end":{"line":134,"column":38}},"134":{"start":{"line":135,"column":0},"end":{"line":135,"column":4}},"137":{"start":{"line":138,"column":0},"end":{"line":138,"column":10}},"138":{"start":{"line":139,"column":0},"end":{"line":139,"column":99}},"139":{"start":{"line":140,"column":0},"end":{"line":140,"column":96}},"140":{"start":{"line":141,"column":0},"end":{"line":141,"column":14}},"141":{"start":{"line":142,"column":0},"end":{"line":142,"column":43}},"142":{"start":{"line":143,"column":0},"end":{"line":143,"column":35}},"143":{"start":{"line":144,"column":0},"end":{"line":144,"column":32}},"144":{"start":{"line":145,"column":0},"end":{"line":145,"column":46}},"145":{"start":{"line":146,"column":0},"end":{"line":146,"column":12}},"146":{"start":{"line":147,"column":0},"end":{"line":147,"column":51}},"147":{"start":{"line":148,"column":0},"end":{"line":148,"column":23}},"148":{"start":{"line":149,"column":0},"end":{"line":149,"column":17}},"149":{"start":{"line":150,"column":0},"end":{"line":150,"column":18}},"150":{"start":{"line":151,"column":0},"end":{"line":151,"column":29}},"151":{"start":{"line":152,"column":0},"end":{"line":152,"column":49}},"152":{"start":{"line":153,"column":0},"end":{"line":153,"column":32}},"153":{"start":{"line":154,"column":0},"end":{"line":154,"column":13}},"154":{"start":{"line":155,"column":0},"end":{"line":155,"column":12}},"155":{"start":{"line":156,"column":0},"end":{"line":156,"column":17}},"156":{"start":{"line":157,"column":0},"end":{"line":157,"column":15}},"157":{"start":{"line":158,"column":0},"end":{"line":158,"column":44}},"158":{"start":{"line":159,"column":0},"end":{"line":159,"column":74}},"159":{"start":{"line":160,"column":0},"end":{"line":160,"column":18}},"160":{"start":{"line":161,"column":0},"end":{"line":161,"column":102}},"161":{"start":{"line":162,"column":0},"end":{"line":162,"column":12}},"162":{"start":{"line":163,"column":0},"end":{"line":163,"column":26}},"163":{"start":{"line":164,"column":0},"end":{"line":164,"column":50}},"164":{"start":{"line":165,"column":0},"end":{"line":165,"column":12}},"166":{"start":{"line":167,"column":0},"end":{"line":167,"column":31}},"167":{"start":{"line":168,"column":0},"end":{"line":168,"column":17}},"168":{"start":{"line":169,"column":0},"end":{"line":169,"column":12}},"169":{"start":{"line":170,"column":0},"end":{"line":170,"column":52}},"170":{"start":{"line":171,"column":0},"end":{"line":171,"column":15}},"171":{"start":{"line":172,"column":0},"end":{"line":172,"column":36}},"172":{"start":{"line":173,"column":0},"end":{"line":173,"column":26}},"173":{"start":{"line":174,"column":0},"end":{"line":174,"column":31}},"174":{"start":{"line":175,"column":0},"end":{"line":175,"column":42}},"175":{"start":{"line":176,"column":0},"end":{"line":176,"column":33}},"176":{"start":{"line":177,"column":0},"end":{"line":177,"column":13}},"177":{"start":{"line":178,"column":0},"end":{"line":178,"column":25}},"178":{"start":{"line":179,"column":0},"end":{"line":179,"column":33}},"179":{"start":{"line":180,"column":0},"end":{"line":180,"column":28}},"180":{"start":{"line":181,"column":0},"end":{"line":181,"column":62}},"181":{"start":{"line":182,"column":0},"end":{"line":182,"column":14}},"182":{"start":{"line":183,"column":0},"end":{"line":183,"column":12}},"184":{"start":{"line":185,"column":0},"end":{"line":185,"column":25}},"185":{"start":{"line":186,"column":0},"end":{"line":186,"column":17}},"186":{"start":{"line":187,"column":0},"end":{"line":187,"column":15}},"187":{"start":{"line":188,"column":0},"end":{"line":188,"column":40}},"188":{"start":{"line":189,"column":0},"end":{"line":189,"column":35}},"189":{"start":{"line":190,"column":0},"end":{"line":190,"column":70}},"190":{"start":{"line":191,"column":0},"end":{"line":191,"column":26}},"191":{"start":{"line":192,"column":0},"end":{"line":192,"column":45}},"192":{"start":{"line":193,"column":0},"end":{"line":193,"column":12}},"194":{"start":{"line":195,"column":0},"end":{"line":195,"column":24}},"195":{"start":{"line":196,"column":0},"end":{"line":196,"column":17}},"196":{"start":{"line":197,"column":0},"end":{"line":197,"column":15}},"197":{"start":{"line":198,"column":0},"end":{"line":198,"column":46}},"198":{"start":{"line":199,"column":0},"end":{"line":199,"column":26}},"199":{"start":{"line":200,"column":0},"end":{"line":200,"column":30}},"200":{"start":{"line":201,"column":0},"end":{"line":201,"column":12}},"202":{"start":{"line":203,"column":0},"end":{"line":203,"column":59}},"203":{"start":{"line":204,"column":0},"end":{"line":204,"column":17}},"204":{"start":{"line":205,"column":0},"end":{"line":205,"column":12}},"205":{"start":{"line":206,"column":0},"end":{"line":206,"column":10}},"206":{"start":{"line":207,"column":0},"end":{"line":207,"column":16}},"207":{"start":{"line":208,"column":0},"end":{"line":208,"column":26}},"208":{"start":{"line":209,"column":0},"end":{"line":209,"column":62}},"209":{"start":{"line":210,"column":0},"end":{"line":210,"column":30}},"210":{"start":{"line":211,"column":0},"end":{"line":211,"column":24}},"211":{"start":{"line":212,"column":0},"end":{"line":212,"column":27}},"212":{"start":{"line":213,"column":0},"end":{"line":213,"column":31}},"213":{"start":{"line":214,"column":0},"end":{"line":214,"column":30}},"214":{"start":{"line":215,"column":0},"end":{"line":215,"column":10}},"216":{"start":{"line":217,"column":0},"end":{"line":217,"column":43}},"217":{"start":{"line":218,"column":0},"end":{"line":218,"column":49}},"218":{"start":{"line":219,"column":0},"end":{"line":219,"column":16}},"219":{"start":{"line":220,"column":0},"end":{"line":220,"column":43}},"220":{"start":{"line":221,"column":0},"end":{"line":221,"column":35}},"221":{"start":{"line":222,"column":0},"end":{"line":222,"column":30}},"222":{"start":{"line":223,"column":0},"end":{"line":223,"column":50}},"223":{"start":{"line":224,"column":0},"end":{"line":224,"column":45}},"224":{"start":{"line":225,"column":0},"end":{"line":225,"column":45}},"226":{"start":{"line":227,"column":0},"end":{"line":227,"column":47}},"227":{"start":{"line":228,"column":0},"end":{"line":228,"column":19}},"228":{"start":{"line":229,"column":0},"end":{"line":229,"column":16}},"229":{"start":{"line":230,"column":0},"end":{"line":230,"column":22}},"230":{"start":{"line":231,"column":0},"end":{"line":231,"column":30}},"231":{"start":{"line":232,"column":0},"end":{"line":232,"column":31}},"232":{"start":{"line":233,"column":0},"end":{"line":233,"column":63}},"233":{"start":{"line":234,"column":0},"end":{"line":234,"column":16}},"234":{"start":{"line":235,"column":0},"end":{"line":235,"column":19}},"235":{"start":{"line":236,"column":0},"end":{"line":236,"column":12}},"236":{"start":{"line":237,"column":0},"end":{"line":237,"column":10}},"237":{"start":{"line":238,"column":0},"end":{"line":238,"column":12}},"238":{"start":{"line":239,"column":0},"end":{"line":239,"column":10}},"240":{"start":{"line":241,"column":0},"end":{"line":241,"column":1}}},"s":{"0":1,"9":24,"10":24,"11":24,"12":24,"13":24,"14":24,"15":24,"16":24,"17":24,"35":24,"36":24,"37":2700,"38":2700,"39":2700,"40":2700,"41":2700,"42":2700,"43":2700,"44":2700,"45":2700,"47":2700,"48":2610,"49":16,"50":16,"51":2610,"52":16,"53":16,"54":2610,"55":16,"56":16,"57":2610,"59":2700,"60":16,"61":16,"62":2700,"63":16,"64":16,"66":2700,"67":2610,"68":16,"69":16,"70":2610,"71":16,"72":16,"73":2610,"74":16,"75":16,"76":2610,"77":2700,"78":2700,"79":24,"80":24,"82":24,"83":24,"85":3,"86":3,"87":90,"89":2700,"91":2700,"94":16,"95":4,"96":4,"97":2700,"98":2684,"99":7,"100":7,"101":2684,"102":90,"103":3,"104":3,"105":3,"106":24,"107":24,"109":24,"110":24,"111":0,"112":0,"113":0,"114":0,"115":0,"116":0,"117":0,"118":0,"119":0,"120":0,"121":0,"122":0,"123":0,"124":0,"125":0,"126":0,"127":0,"128":0,"129":0,"130":0,"131":0,"132":0,"133":24,"134":24,"137":24,"138":24,"139":24,"140":24,"141":24,"142":24,"143":24,"144":0,"145":0,"146":24,"147":24,"148":24,"149":24,"150":24,"151":0,"152":0,"153":0,"154":0,"155":24,"156":24,"157":24,"158":24,"159":24,"160":24,"161":24,"162":24,"163":0,"164":0,"166":24,"167":24,"168":24,"169":24,"170":24,"171":24,"172":24,"173":1,"174":0,"175":0,"176":0,"177":1,"178":1,"179":1,"180":1,"181":1,"182":1,"184":24,"185":24,"186":24,"187":24,"188":24,"189":24,"190":24,"191":3,"192":3,"194":24,"195":24,"196":24,"197":24,"198":24,"199":0,"200":0,"202":24,"203":24,"204":24,"205":24,"206":24,"207":24,"208":24,"209":24,"210":24,"211":24,"212":24,"213":24,"214":24,"216":24,"217":720,"218":21600,"219":21600,"220":21600,"221":21600,"222":14,"223":14,"224":14,"226":14,"227":14,"228":14,"229":21600,"230":21600,"231":21600,"232":21600,"233":21600,"234":21600,"235":720,"236":24,"237":24,"238":24,"240":24},"branchMap":{"0":{"type":"branch","line":10,"loc":{"start":{"line":10,"column":0},"end":{"line":241,"column":1}},"locations":[{"start":{"line":10,"column":0},"end":{"line":241,"column":1}}]},"1":{"type":"branch","line":159,"loc":{"start":{"line":159,"column":43},"end":{"line":159,"column":74}},"locations":[{"start":{"line":159,"column":43},"end":{"line":159,"column":74}}]},"2":{"type":"branch","line":161,"loc":{"start":{"line":161,"column":43},"end":{"line":161,"column":76}},"locations":[{"start":{"line":161,"column":43},"end":{"line":161,"column":76}}]},"3":{"type":"branch","line":161,"loc":{"start":{"line":161,"column":76},"end":{"line":161,"column":102}},"locations":[{"start":{"line":161,"column":76},"end":{"line":161,"column":102}}]},"4":{"type":"branch","line":190,"loc":{"start":{"line":190,"column":27},"end":{"line":190,"column":58}},"locations":[{"start":{"line":190,"column":27},"end":{"line":190,"column":58}}]},"5":{"type":"branch","line":203,"loc":{"start":{"line":203,"column":11},"end":{"line":203,"column":44}},"locations":[{"start":{"line":203,"column":11},"end":{"line":203,"column":44}}]},"6":{"type":"branch","line":17,"loc":{"start":{"line":17,"column":11},"end":{"line":17,"column":51}},"locations":[{"start":{"line":17,"column":11},"end":{"line":17,"column":51}}]},"7":{"type":"branch","line":37,"loc":{"start":{"line":37,"column":4},"end":{"line":79,"column":6}},"locations":[{"start":{"line":37,"column":4},"end":{"line":79,"column":6}}]},"8":{"type":"branch","line":48,"loc":{"start":{"line":48,"column":27},"end":{"line":58,"column":7}},"locations":[{"start":{"line":48,"column":27},"end":{"line":58,"column":7}}]},"9":{"type":"branch","line":49,"loc":{"start":{"line":49,"column":41},"end":{"line":51,"column":9}},"locations":[{"start":{"line":49,"column":41},"end":{"line":51,"column":9}}]},"10":{"type":"branch","line":52,"loc":{"start":{"line":52,"column":20},"end":{"line":52,"column":44}},"locations":[{"start":{"line":52,"column":20},"end":{"line":52,"column":44}}]},"11":{"type":"branch","line":52,"loc":{"start":{"line":52,"column":44},"end":{"line":54,"column":9}},"locations":[{"start":{"line":52,"column":44},"end":{"line":54,"column":9}}]},"12":{"type":"branch","line":55,"loc":{"start":{"line":55,"column":20},"end":{"line":55,"column":55}},"locations":[{"start":{"line":55,"column":20},"end":{"line":55,"column":55}}]},"13":{"type":"branch","line":55,"loc":{"start":{"line":55,"column":55},"end":{"line":57,"column":9}},"locations":[{"start":{"line":55,"column":55},"end":{"line":57,"column":9}}]},"14":{"type":"branch","line":60,"loc":{"start":{"line":60,"column":18},"end":{"line":60,"column":49}},"locations":[{"start":{"line":60,"column":18},"end":{"line":60,"column":49}}]},"15":{"type":"branch","line":60,"loc":{"start":{"line":60,"column":49},"end":{"line":62,"column":7}},"locations":[{"start":{"line":60,"column":49},"end":{"line":62,"column":7}}]},"16":{"type":"branch","line":63,"loc":{"start":{"line":63,"column":18},"end":{"line":63,"column":60}},"locations":[{"start":{"line":63,"column":18},"end":{"line":63,"column":60}}]},"17":{"type":"branch","line":63,"loc":{"start":{"line":63,"column":60},"end":{"line":65,"column":7}},"locations":[{"start":{"line":63,"column":60},"end":{"line":65,"column":7}}]},"18":{"type":"branch","line":67,"loc":{"start":{"line":67,"column":19},"end":{"line":77,"column":7}},"locations":[{"start":{"line":67,"column":19},"end":{"line":77,"column":7}}]},"19":{"type":"branch","line":68,"loc":{"start":{"line":68,"column":39},"end":{"line":70,"column":9}},"locations":[{"start":{"line":68,"column":39},"end":{"line":70,"column":9}}]},"20":{"type":"branch","line":71,"loc":{"start":{"line":71,"column":20},"end":{"line":71,"column":42}},"locations":[{"start":{"line":71,"column":20},"end":{"line":71,"column":42}}]},"21":{"type":"branch","line":71,"loc":{"start":{"line":71,"column":42},"end":{"line":73,"column":9}},"locations":[{"start":{"line":71,"column":42},"end":{"line":73,"column":9}}]},"22":{"type":"branch","line":74,"loc":{"start":{"line":74,"column":20},"end":{"line":74,"column":53}},"locations":[{"start":{"line":74,"column":20},"end":{"line":74,"column":53}}]},"23":{"type":"branch","line":74,"loc":{"start":{"line":74,"column":53},"end":{"line":76,"column":9}},"locations":[{"start":{"line":74,"column":53},"end":{"line":76,"column":9}}]},"24":{"type":"branch","line":84,"loc":{"start":{"line":84,"column":4},"end":{"line":106,"column":6}},"locations":[{"start":{"line":84,"column":4},"end":{"line":106,"column":6}}]},"25":{"type":"branch","line":87,"loc":{"start":{"line":87,"column":20},"end":{"line":104,"column":7}},"locations":[{"start":{"line":87,"column":20},"end":{"line":104,"column":7}}]},"26":{"type":"branch","line":88,"loc":{"start":{"line":88,"column":20},"end":{"line":103,"column":9}},"locations":[{"start":{"line":88,"column":20},"end":{"line":103,"column":9}}]},"27":{"type":"branch","line":92,"loc":{"start":{"line":92,"column":29},"end":{"line":98,"column":17}},"locations":[{"start":{"line":92,"column":29},"end":{"line":98,"column":17}}]},"28":{"type":"branch","line":95,"loc":{"start":{"line":95,"column":28},"end":{"line":95,"column":48}},"locations":[{"start":{"line":95,"column":28},"end":{"line":95,"column":48}}]},"29":{"type":"branch","line":95,"loc":{"start":{"line":95,"column":48},"end":{"line":97,"column":13}},"locations":[{"start":{"line":95,"column":48},"end":{"line":97,"column":13}}]},"30":{"type":"branch","line":98,"loc":{"start":{"line":98,"column":10},"end":{"line":102,"column":11}},"locations":[{"start":{"line":98,"column":10},"end":{"line":102,"column":11}}]},"31":{"type":"branch","line":99,"loc":{"start":{"line":99,"column":33},"end":{"line":101,"column":13}},"locations":[{"start":{"line":99,"column":33},"end":{"line":101,"column":13}}]},"32":{"type":"branch","line":173,"loc":{"start":{"line":173,"column":19},"end":{"line":183,"column":12}},"locations":[{"start":{"line":173,"column":19},"end":{"line":183,"column":12}}]},"33":{"type":"branch","line":174,"loc":{"start":{"line":174,"column":30},"end":{"line":177,"column":13}},"locations":[{"start":{"line":174,"column":30},"end":{"line":177,"column":13}}]},"34":{"type":"branch","line":181,"loc":{"start":{"line":181,"column":21},"end":{"line":181,"column":61}},"locations":[{"start":{"line":181,"column":21},"end":{"line":181,"column":61}}]},"35":{"type":"branch","line":191,"loc":{"start":{"line":191,"column":19},"end":{"line":193,"column":12}},"locations":[{"start":{"line":191,"column":19},"end":{"line":193,"column":12}}]},"36":{"type":"branch","line":217,"loc":{"start":{"line":217,"column":34},"end":{"line":236,"column":12}},"locations":[{"start":{"line":217,"column":34},"end":{"line":236,"column":12}}]},"37":{"type":"branch","line":218,"loc":{"start":{"line":218,"column":38},"end":{"line":235,"column":19}},"locations":[{"start":{"line":218,"column":38},"end":{"line":235,"column":19}}]},"38":{"type":"branch","line":233,"loc":{"start":{"line":233,"column":42},"end":{"line":233,"column":55}},"locations":[{"start":{"line":233,"column":42},"end":{"line":233,"column":55}}]},"39":{"type":"branch","line":233,"loc":{"start":{"line":233,"column":46},"end":{"line":233,"column":63}},"locations":[{"start":{"line":233,"column":46},"end":{"line":233,"column":63}}]},"40":{"type":"branch","line":222,"loc":{"start":{"line":222,"column":23},"end":{"line":229,"column":16}},"locations":[{"start":{"line":222,"column":23},"end":{"line":229,"column":16}}]},"41":{"type":"branch","line":224,"loc":{"start":{"line":224,"column":29},"end":{"line":228,"column":17}},"locations":[{"start":{"line":224,"column":29},"end":{"line":228,"column":17}}]}},"b":{"0":[24],"1":[0],"2":[0],"3":[0],"4":[0],"5":[0],"6":[720],"7":[2700],"8":[2610],"9":[16],"10":[2523],"11":[16],"12":[2523],"13":[16],"14":[2610],"15":[16],"16":[2610],"17":[16],"18":[2610],"19":[16],"20":[2523],"21":[16],"22":[2523],"23":[16],"24":[3],"25":[90],"26":[2700],"27":[16],"28":[15],"29":[4],"30":[2684],"31":[7],"32":[1],"33":[0],"34":[30],"35":[3],"36":[720],"37":[21600],"38":[52],"39":[21548],"40":[14],"41":[14]},"fnMap":{"0":{"name":"ConwaysGameOfLife","decl":{"start":{"line":10,"column":0},"end":{"line":241,"column":1}},"loc":{"start":{"line":10,"column":0},"end":{"line":241,"column":1}},"line":10},"1":{"name":"onChange","decl":{"start":{"line":144,"column":20},"end":{"line":146,"column":12}},"loc":{"start":{"line":144,"column":20},"end":{"line":146,"column":12}},"line":144},"2":{"name":"onKeyDown","decl":{"start":{"line":151,"column":21},"end":{"line":155,"column":12}},"loc":{"start":{"line":151,"column":21},"end":{"line":155,"column":12}},"line":151},"3":{"name":"onClick","decl":{"start":{"line":163,"column":19},"end":{"line":165,"column":12}},"loc":{"start":{"line":163,"column":19},"end":{"line":165,"column":12}},"line":163},"4":{"name":"onClick","decl":{"start":{"line":173,"column":19},"end":{"line":183,"column":12}},"loc":{"start":{"line":173,"column":19},"end":{"line":183,"column":12}},"line":173},"5":{"name":"onClick","decl":{"start":{"line":191,"column":19},"end":{"line":193,"column":12}},"loc":{"start":{"line":191,"column":19},"end":{"line":193,"column":12}},"line":191},"6":{"name":"onClick","decl":{"start":{"line":199,"column":19},"end":{"line":201,"column":12}},"loc":{"start":{"line":199,"column":19},"end":{"line":201,"column":12}},"line":199},"7":{"name":"onClick","decl":{"start":{"line":222,"column":23},"end":{"line":229,"column":16}},"loc":{"start":{"line":222,"column":23},"end":{"line":229,"column":16}},"line":222}},"f":{"0":24,"1":0,"2":0,"3":0,"4":1,"5":3,"6":0,"7":14}}
}
